[0.771s] Invoking command in '/home/kasm-user/ros2_ws/build/road_inspection': PS1=default:\w$ PYTHONPATH=/home/kasm-user/ros2_ws/build/road_inspection/prefix_override:/home/kasm-user/ros2_ws/install/road_inspection/lib/python3.10/site-packages:${PYTHONPATH} /usr/bin/python3 setup.py develop --editable --build-directory /home/kasm-user/ros2_ws/build/road_inspection/build --no-deps install_data
[1.015s] running develop
[1.017s] /usr/lib/python3/dist-packages/setuptools/command/easy_install.py:158: EasyInstallDeprecationWarning: easy_install command is deprecated. Use build and pip and other standards-based tools.
[1.017s]   warnings.warn(
[1.019s] /usr/lib/python3/dist-packages/setuptools/command/install.py:34: SetuptoolsDeprecationWarning: setup.py install is deprecated. Use build and pip and other standards-based tools.
[1.019s]   warnings.warn(
[1.163s] running egg_info
[1.164s] writing road_inspection.egg-info/PKG-INFO
[1.164s] writing dependency_links to road_inspection.egg-info/dependency_links.txt
[1.164s] writing entry points to road_inspection.egg-info/entry_points.txt
[1.165s] writing requirements to road_inspection.egg-info/requires.txt
[1.165s] writing top-level names to road_inspection.egg-info/top_level.txt
[1.167s] reading manifest file 'road_inspection.egg-info/SOURCES.txt'
[1.167s] writing manifest file 'road_inspection.egg-info/SOURCES.txt'
[1.169s] running build_ext
[1.169s] Creating /home/kasm-user/ros2_ws/install/road_inspection/lib/python3.10/site-packages/road-inspection.egg-link (link to .)
[1.170s] Installing detector script to /home/kasm-user/ros2_ws/install/road_inspection/lib/road_inspection
[1.171s] Installing mover script to /home/kasm-user/ros2_ws/install/road_inspection/lib/road_inspection
[1.171s] Installing object_detector script to /home/kasm-user/ros2_ws/install/road_inspection/lib/road_inspection
[1.171s] Installing pothole_detector script to /home/kasm-user/ros2_ws/install/road_inspection/lib/road_inspection
[1.171s] 
[1.172s] Installed /home/kasm-user/ros2_ws/build/road_inspection
[1.172s] error: can't copy 'resource/road_inspection': doesn't exist or not a regular file
[1.172s] running install_data
[1.195s] Invoked command in '/home/kasm-user/ros2_ws/build/road_inspection' returned '1': PS1=default:\w$ PYTHONPATH=/home/kasm-user/ros2_ws/build/road_inspection/prefix_override:/home/kasm-user/ros2_ws/install/road_inspection/lib/python3.10/site-packages:${PYTHONPATH} /usr/bin/python3 setup.py develop --editable --build-directory /home/kasm-user/ros2_ws/build/road_inspection/build --no-deps install_data
