[0.937s] DEBUG:colcon:Command line arguments: ['/usr/bin/colcon', 'build', '--symlink-install']
[0.937s] DEBUG:colcon:Parsed command line arguments: Namespace(log_base=None, log_level=None, verb_name='build', build_base='build', install_base='install', merge_install=False, symlink_install=True, test_result_base=None, continue_on_error=False, executor='parallel', parallel_workers=20, event_handlers=None, ignore_user_meta=False, metas=['./colcon.meta'], base_paths=['.'], packages_ignore=None, packages_ignore_regex=None, paths=None, packages_up_to=None, packages_up_to_regex=None, packages_above=None, packages_above_and_dependencies=None, packages_above_depth=None, packages_select_by_dep=None, packages_skip_by_dep=None, packages_skip_up_to=None, packages_select_build_failed=False, packages_skip_build_finished=False, packages_select_test_failures=False, packages_skip_test_passed=False, packages_select=None, packages_skip=None, packages_select_regex=None, packages_skip_regex=None, packages_start=None, packages_end=None, allow_overriding=[], cmake_args=None, cmake_target=None, cmake_target_skip_unavailable=False, cmake_clean_cache=False, cmake_clean_first=False, cmake_force_configure=False, ament_cmake_args=None, catkin_cmake_args=None, catkin_skip_building_tests=False, verb_parser=<colcon_defaults.argument_parser.defaults.DefaultArgumentsDecorator object at 0x7fd5e12dac50>, verb_extension=<colcon_core.verb.build.BuildVerb object at 0x7fd5e12b23e0>, main=<bound method BuildVerb.main of <colcon_core.verb.build.BuildVerb object at 0x7fd5e12b23e0>>)
[0.982s] Level 1:colcon.colcon_core.package_discovery:discover_packages(colcon_meta) check parameters
[0.982s] Level 1:colcon.colcon_core.package_discovery:discover_packages(recursive) check parameters
[0.982s] Level 1:colcon.colcon_core.package_discovery:discover_packages(ignore) check parameters
[0.982s] Level 1:colcon.colcon_core.package_discovery:discover_packages(path) check parameters
[0.982s] Level 1:colcon.colcon_core.package_discovery:discover_packages(colcon_meta) discover
[0.982s] Level 1:colcon.colcon_core.package_discovery:discover_packages(recursive) discover
[0.982s] INFO:colcon.colcon_core.package_discovery:Crawling recursively for packages in '/home/kasm-user/ros2_ws'
[0.982s] Level 1:colcon.colcon_core.package_identification:_identify(.) by extensions ['ignore', 'ignore_ament_install']
[0.983s] Level 1:colcon.colcon_core.package_identification:_identify(.) by extension 'ignore'
[0.983s] Level 1:colcon.colcon_core.package_identification:_identify(.) by extension 'ignore_ament_install'
[0.983s] Level 1:colcon.colcon_core.package_identification:_identify(.) by extensions ['colcon_pkg']
[0.983s] Level 1:colcon.colcon_core.package_identification:_identify(.) by extension 'colcon_pkg'
[0.983s] Level 1:colcon.colcon_core.package_identification:_identify(.) by extensions ['colcon_meta']
[0.983s] Level 1:colcon.colcon_core.package_identification:_identify(.) by extension 'colcon_meta'
[0.983s] Level 1:colcon.colcon_core.package_identification:_identify(.) by extensions ['ros']
[0.983s] Level 1:colcon.colcon_core.package_identification:_identify(.) by extension 'ros'
[0.994s] Level 1:colcon.colcon_core.package_identification:_identify(.) by extensions ['cmake', 'python']
[0.994s] Level 1:colcon.colcon_core.package_identification:_identify(.) by extension 'cmake'
[0.994s] Level 1:colcon.colcon_core.package_identification:_identify(.) by extension 'python'
[0.994s] Level 1:colcon.colcon_core.package_identification:_identify(.) by extensions ['python_setup_py']
[0.994s] Level 1:colcon.colcon_core.package_identification:_identify(.) by extension 'python_setup_py'
[0.995s] Level 1:colcon.colcon_core.package_identification:_identify(build) by extensions ['ignore', 'ignore_ament_install']
[0.995s] Level 1:colcon.colcon_core.package_identification:_identify(build) by extension 'ignore'
[0.995s] Level 1:colcon.colcon_core.package_identification:_identify(build) ignored
[0.995s] Level 1:colcon.colcon_core.package_identification:_identify(install) by extensions ['ignore', 'ignore_ament_install']
[0.995s] Level 1:colcon.colcon_core.package_identification:_identify(install) by extension 'ignore'
[0.995s] Level 1:colcon.colcon_core.package_identification:_identify(install) ignored
[0.995s] Level 1:colcon.colcon_core.package_identification:_identify(log) by extensions ['ignore', 'ignore_ament_install']
[0.995s] Level 1:colcon.colcon_core.package_identification:_identify(log) by extension 'ignore'
[0.995s] Level 1:colcon.colcon_core.package_identification:_identify(log) ignored
[0.995s] Level 1:colcon.colcon_core.package_identification:_identify(src) by extensions ['ignore', 'ignore_ament_install']
[0.995s] Level 1:colcon.colcon_core.package_identification:_identify(src) by extension 'ignore'
[0.995s] Level 1:colcon.colcon_core.package_identification:_identify(src) by extension 'ignore_ament_install'
[0.995s] Level 1:colcon.colcon_core.package_identification:_identify(src) by extensions ['colcon_pkg']
[0.995s] Level 1:colcon.colcon_core.package_identification:_identify(src) by extension 'colcon_pkg'
[0.995s] Level 1:colcon.colcon_core.package_identification:_identify(src) by extensions ['colcon_meta']
[0.995s] Level 1:colcon.colcon_core.package_identification:_identify(src) by extension 'colcon_meta'
[0.995s] Level 1:colcon.colcon_core.package_identification:_identify(src) by extensions ['ros']
[0.995s] Level 1:colcon.colcon_core.package_identification:_identify(src) by extension 'ros'
[0.995s] Level 1:colcon.colcon_core.package_identification:_identify(src) by extensions ['cmake', 'python']
[0.995s] Level 1:colcon.colcon_core.package_identification:_identify(src) by extension 'cmake'
[0.996s] Level 1:colcon.colcon_core.package_identification:_identify(src) by extension 'python'
[0.996s] Level 1:colcon.colcon_core.package_identification:_identify(src) by extensions ['python_setup_py']
[0.996s] Level 1:colcon.colcon_core.package_identification:_identify(src) by extension 'python_setup_py'
[0.996s] Level 1:colcon.colcon_core.package_identification:_identify(src/road_inspection) by extensions ['ignore', 'ignore_ament_install']
[0.996s] Level 1:colcon.colcon_core.package_identification:_identify(src/road_inspection) by extension 'ignore'
[0.996s] Level 1:colcon.colcon_core.package_identification:_identify(src/road_inspection) by extension 'ignore_ament_install'
[0.996s] Level 1:colcon.colcon_core.package_identification:_identify(src/road_inspection) by extensions ['colcon_pkg']
[0.996s] Level 1:colcon.colcon_core.package_identification:_identify(src/road_inspection) by extension 'colcon_pkg'
[0.996s] Level 1:colcon.colcon_core.package_identification:_identify(src/road_inspection) by extensions ['colcon_meta']
[0.996s] Level 1:colcon.colcon_core.package_identification:_identify(src/road_inspection) by extension 'colcon_meta'
[0.996s] Level 1:colcon.colcon_core.package_identification:_identify(src/road_inspection) by extensions ['ros']
[0.996s] Level 1:colcon.colcon_core.package_identification:_identify(src/road_inspection) by extension 'ros'
[0.999s] DEBUG:colcon.colcon_core.package_identification:Package 'src/road_inspection' with type 'ros.ament_python' and name 'road_inspection'
[0.999s] Level 1:colcon.colcon_core.package_discovery:discover_packages(recursive) using defaults
[0.999s] Level 1:colcon.colcon_core.package_discovery:discover_packages(ignore) discover
[0.999s] Level 1:colcon.colcon_core.package_discovery:discover_packages(ignore) using defaults
[0.999s] Level 1:colcon.colcon_core.package_discovery:discover_packages(path) discover
[0.999s] Level 1:colcon.colcon_core.package_discovery:discover_packages(path) using defaults
[1.087s] Level 1:colcon.colcon_core.package_discovery:discover_packages(prefix_path) check parameters
[1.087s] Level 1:colcon.colcon_core.package_discovery:discover_packages(prefix_path) discover
[1.110s] DEBUG:colcon.colcon_installed_package_information.package_discovery:Found 12 installed packages in /opt/ros/lcas_addons/install
[1.122s] DEBUG:colcon.colcon_installed_package_information.package_discovery:Found 360 installed packages in /opt/ros/humble
[1.124s] Level 1:colcon.colcon_core.package_discovery:discover_packages(prefix_path) using defaults
[1.237s] Level 5:colcon.colcon_core.verb:set package 'road_inspection' build argument 'cmake_args' from command line to 'None'
[1.237s] Level 5:colcon.colcon_core.verb:set package 'road_inspection' build argument 'cmake_target' from command line to 'None'
[1.237s] Level 5:colcon.colcon_core.verb:set package 'road_inspection' build argument 'cmake_target_skip_unavailable' from command line to 'False'
[1.237s] Level 5:colcon.colcon_core.verb:set package 'road_inspection' build argument 'cmake_clean_cache' from command line to 'False'
[1.237s] Level 5:colcon.colcon_core.verb:set package 'road_inspection' build argument 'cmake_clean_first' from command line to 'False'
[1.237s] Level 5:colcon.colcon_core.verb:set package 'road_inspection' build argument 'cmake_force_configure' from command line to 'False'
[1.237s] Level 5:colcon.colcon_core.verb:set package 'road_inspection' build argument 'ament_cmake_args' from command line to 'None'
[1.237s] Level 5:colcon.colcon_core.verb:set package 'road_inspection' build argument 'catkin_cmake_args' from command line to 'None'
[1.237s] Level 5:colcon.colcon_core.verb:set package 'road_inspection' build argument 'catkin_skip_building_tests' from command line to 'False'
[1.237s] DEBUG:colcon.colcon_core.verb:Building package 'road_inspection' with the following arguments: {'ament_cmake_args': None, 'build_base': '/home/kasm-user/ros2_ws/build/road_inspection', 'catkin_cmake_args': None, 'catkin_skip_building_tests': False, 'cmake_args': None, 'cmake_clean_cache': False, 'cmake_clean_first': False, 'cmake_force_configure': False, 'cmake_target': None, 'cmake_target_skip_unavailable': False, 'install_base': '/home/kasm-user/ros2_ws/install/road_inspection', 'merge_install': False, 'path': '/home/kasm-user/ros2_ws/src/road_inspection', 'symlink_install': True, 'test_result_base': None}
[1.250s] INFO:colcon.colcon_core.executor:Executing jobs using 'parallel' executor
[1.262s] DEBUG:colcon.colcon_parallel_executor.executor.parallel:run_until_complete
[1.263s] INFO:colcon.colcon_ros.task.ament_python.build:Building ROS package in '/home/kasm-user/ros2_ws/src/road_inspection' with build type 'ament_python'
[1.263s] Level 1:colcon.colcon_core.shell:create_environment_hook('road_inspection', 'ament_prefix_path')
[1.276s] INFO:colcon.colcon_core.plugin_system:Skipping extension 'colcon_core.shell.bat': Not used on non-Windows systems
[1.276s] INFO:colcon.colcon_core.shell:Creating environment hook '/home/kasm-user/ros2_ws/install/road_inspection/share/road_inspection/hook/ament_prefix_path.ps1'
[1.277s] INFO:colcon.colcon_core.shell:Creating environment descriptor '/home/kasm-user/ros2_ws/install/road_inspection/share/road_inspection/hook/ament_prefix_path.dsv'
[1.277s] INFO:colcon.colcon_core.shell:Creating environment hook '/home/kasm-user/ros2_ws/install/road_inspection/share/road_inspection/hook/ament_prefix_path.sh'
[1.288s] INFO:colcon.colcon_core.shell:Skip shell extension 'powershell' for command environment: Not usable outside of PowerShell
[1.288s] DEBUG:colcon.colcon_core.shell:Skip shell extension 'dsv' for command environment
[1.585s] INFO:colcon.colcon_core.task.python.build:Building Python package in '/home/kasm-user/ros2_ws/src/road_inspection'
[1.596s] INFO:colcon.colcon_core.shell:Skip shell extension 'powershell' for command environment: Not usable outside of PowerShell
[1.596s] DEBUG:colcon.colcon_core.shell:Skip shell extension 'dsv' for command environment
[1.978s] DEBUG:colcon.colcon_core.event_handler.log_command:Invoking command in '/home/kasm-user/ros2_ws/build/road_inspection': PS1=default:\w$ PYTHONPATH=/home/kasm-user/ros2_ws/build/road_inspection/prefix_override:/home/kasm-user/ros2_ws/install/road_inspection/lib/python3.10/site-packages:${PYTHONPATH} /usr/bin/python3 setup.py develop --editable --build-directory /home/kasm-user/ros2_ws/build/road_inspection/build --no-deps install_data
[2.414s] Level 1:colcon.colcon_core.shell:create_environment_hook('road_inspection', 'pythonpath_develop')
[2.426s] DEBUG:colcon.colcon_core.event_handler.log_command:Invoked command in '/home/kasm-user/ros2_ws/build/road_inspection' returned '0': PS1=default:\w$ PYTHONPATH=/home/kasm-user/ros2_ws/build/road_inspection/prefix_override:/home/kasm-user/ros2_ws/install/road_inspection/lib/python3.10/site-packages:${PYTHONPATH} /usr/bin/python3 setup.py develop --editable --build-directory /home/kasm-user/ros2_ws/build/road_inspection/build --no-deps install_data
[2.434s] INFO:colcon.colcon_core.shell:Creating environment hook '/home/kasm-user/ros2_ws/build/road_inspection/share/road_inspection/hook/pythonpath_develop.ps1'
[2.435s] INFO:colcon.colcon_core.shell:Creating environment descriptor '/home/kasm-user/ros2_ws/build/road_inspection/share/road_inspection/hook/pythonpath_develop.dsv'
[2.435s] INFO:colcon.colcon_core.shell:Creating environment hook '/home/kasm-user/ros2_ws/build/road_inspection/share/road_inspection/hook/pythonpath_develop.sh'
[2.448s] Level 1:colcon.colcon_core.environment:checking '/home/kasm-user/ros2_ws/install/road_inspection' for CMake module files
[2.448s] Level 1:colcon.colcon_core.environment:checking '/home/kasm-user/ros2_ws/install/road_inspection' for CMake config files
[2.449s] Level 1:colcon.colcon_core.environment:checking '/home/kasm-user/ros2_ws/install/road_inspection/lib'
[2.449s] Level 1:colcon.colcon_core.environment:checking '/home/kasm-user/ros2_ws/install/road_inspection/bin'
[2.449s] Level 1:colcon.colcon_core.environment:checking '/home/kasm-user/ros2_ws/install/road_inspection/lib/pkgconfig/road_inspection.pc'
[2.449s] Level 1:colcon.colcon_core.environment:checking '/home/kasm-user/ros2_ws/install/road_inspection/lib/python3.10/site-packages'
[2.450s] Level 1:colcon.colcon_core.shell:create_environment_hook('road_inspection', 'pythonpath')
[2.461s] INFO:colcon.colcon_core.shell:Creating environment hook '/home/kasm-user/ros2_ws/install/road_inspection/share/road_inspection/hook/pythonpath.ps1'
[2.461s] INFO:colcon.colcon_core.shell:Creating environment descriptor '/home/kasm-user/ros2_ws/install/road_inspection/share/road_inspection/hook/pythonpath.dsv'
[2.462s] INFO:colcon.colcon_core.shell:Creating environment hook '/home/kasm-user/ros2_ws/install/road_inspection/share/road_inspection/hook/pythonpath.sh'
[2.462s] Level 1:colcon.colcon_core.environment:checking '/home/kasm-user/ros2_ws/install/road_inspection/bin'
[2.462s] Level 1:colcon.colcon_core.environment:create_environment_scripts_only(road_inspection)
[2.474s] INFO:colcon.colcon_core.shell:Creating package script '/home/kasm-user/ros2_ws/install/road_inspection/share/road_inspection/package.ps1'
[2.475s] INFO:colcon.colcon_core.shell:Creating package descriptor '/home/kasm-user/ros2_ws/install/road_inspection/share/road_inspection/package.dsv'
[2.476s] INFO:colcon.colcon_core.shell:Creating package script '/home/kasm-user/ros2_ws/install/road_inspection/share/road_inspection/package.sh'
[2.477s] INFO:colcon.colcon_core.shell:Creating package script '/home/kasm-user/ros2_ws/install/road_inspection/share/road_inspection/package.bash'
[2.478s] INFO:colcon.colcon_core.shell:Creating package script '/home/kasm-user/ros2_ws/install/road_inspection/share/road_inspection/package.zsh'
[2.478s] Level 1:colcon.colcon_core.environment:create_file_with_runtime_dependencies(/home/kasm-user/ros2_ws/install/road_inspection/share/colcon-core/packages/road_inspection)
[2.479s] DEBUG:colcon.colcon_parallel_executor.executor.parallel:closing loop
[2.479s] DEBUG:colcon.colcon_parallel_executor.executor.parallel:loop closed
[2.479s] DEBUG:colcon.colcon_parallel_executor.executor.parallel:run_until_complete finished with '0'
[2.479s] DEBUG:colcon.colcon_core.event_reactor:joining thread
[2.497s] INFO:colcon.colcon_core.plugin_system:Skipping extension 'colcon_notification.desktop_notification.terminal_notifier': Not used on non-Darwin systems
[2.497s] INFO:colcon.colcon_core.plugin_system:Skipping extension 'colcon_notification.desktop_notification.win32': Not used on non-Windows systems
[2.497s] INFO:colcon.colcon_notification.desktop_notification:Sending desktop notification using 'notify2'
[2.504s] DEBUG:colcon.colcon_core.event_reactor:joined thread
[2.516s] INFO:colcon.colcon_core.shell:Creating prefix script '/home/kasm-user/ros2_ws/install/local_setup.ps1'
[2.517s] INFO:colcon.colcon_core.shell:Creating prefix util module '/home/kasm-user/ros2_ws/install/_local_setup_util_ps1.py'
[2.518s] INFO:colcon.colcon_core.shell:Creating prefix chain script '/home/kasm-user/ros2_ws/install/setup.ps1'
[2.530s] INFO:colcon.colcon_core.shell:Creating prefix script '/home/kasm-user/ros2_ws/install/local_setup.sh'
[2.531s] INFO:colcon.colcon_core.shell:Creating prefix util module '/home/kasm-user/ros2_ws/install/_local_setup_util_sh.py'
[2.531s] INFO:colcon.colcon_core.shell:Creating prefix chain script '/home/kasm-user/ros2_ws/install/setup.sh'
[2.549s] INFO:colcon.colcon_core.shell:Creating prefix script '/home/kasm-user/ros2_ws/install/local_setup.bash'
[2.550s] INFO:colcon.colcon_core.shell:Creating prefix chain script '/home/kasm-user/ros2_ws/install/setup.bash'
[2.567s] INFO:colcon.colcon_core.shell:Creating prefix script '/home/kasm-user/ros2_ws/install/local_setup.zsh'
[2.568s] INFO:colcon.colcon_core.shell:Creating prefix chain script '/home/kasm-user/ros2_ws/install/setup.zsh'
