running develop
/usr/lib/python3/dist-packages/setuptools/command/easy_install.py:158: EasyInstallDeprecationWarning: easy_install command is deprecated. Use build and pip and other standards-based tools.
  warnings.warn(
/usr/lib/python3/dist-packages/setuptools/command/install.py:34: SetuptoolsDeprecationWarning: setup.py install is deprecated. Use build and pip and other standards-based tools.
  warnings.warn(
running egg_info
writing road_inspection.egg-info/PKG-INFO
writing dependency_links to road_inspection.egg-info/dependency_links.txt
writing entry points to road_inspection.egg-info/entry_points.txt
writing requirements to road_inspection.egg-info/requires.txt
writing top-level names to road_inspection.egg-info/top_level.txt
reading manifest file 'road_inspection.egg-info/SOURCES.txt'
writing manifest file 'road_inspection.egg-info/SOURCES.txt'
running build_ext
Creating /home/kasm-user/ros2_ws/install/road_inspection/lib/python3.10/site-packages/road-inspection.egg-link (link to .)
Installing mover script to /home/kasm-user/ros2_ws/install/road_inspection/lib/road_inspection
Installing pothole_detector script to /home/kasm-user/ros2_ws/install/road_inspection/lib/road_inspection

Installed /home/kasm-user/ros2_ws/build/road_inspection
running install_data
copying resource/road_inspection -> /home/kasm-user/ros2_ws/install/road_inspection/share/ament_index/resource_index/packages
copying package.xml -> /home/kasm-user/ros2_ws/install/road_inspection/share/road_inspection
