[0.528s] Invoking command in '/home/kasm-user/ros2_ws/build/road_inspection': PS1=default:\w$ PYTHONPATH=/home/kasm-user/ros2_ws/build/road_inspection/prefix_override:/home/kasm-user/ros2_ws/install/road_inspection/lib/python3.10/site-packages:${PYTHONPATH} /usr/bin/python3 setup.py develop --editable --build-directory /home/kasm-user/ros2_ws/build/road_inspection/build --no-deps install_data
[0.707s] running develop
[0.708s] /usr/lib/python3/dist-packages/setuptools/command/easy_install.py:158: EasyInstallDeprecationWarning: easy_install command is deprecated. Use build and pip and other standards-based tools.
[0.708s]   warnings.warn(
[0.709s] /usr/lib/python3/dist-packages/setuptools/command/install.py:34: SetuptoolsDeprecationWarning: setup.py install is deprecated. Use build and pip and other standards-based tools.
[0.709s]   warnings.warn(
[0.813s] running egg_info
[0.813s] writing road_inspection.egg-info/PKG-INFO
[0.813s] writing dependency_links to road_inspection.egg-info/dependency_links.txt
[0.814s] writing entry points to road_inspection.egg-info/entry_points.txt
[0.814s] writing requirements to road_inspection.egg-info/requires.txt
[0.814s] writing top-level names to road_inspection.egg-info/top_level.txt
[0.816s] reading manifest file 'road_inspection.egg-info/SOURCES.txt'
[0.816s] writing manifest file 'road_inspection.egg-info/SOURCES.txt'
[0.817s] running build_ext
[0.817s] Creating /home/kasm-user/ros2_ws/install/road_inspection/lib/python3.10/site-packages/road-inspection.egg-link (link to .)
[0.818s] Installing mover script to /home/kasm-user/ros2_ws/install/road_inspection/lib/road_inspection
[0.818s] Installing pothole_detector script to /home/kasm-user/ros2_ws/install/road_inspection/lib/road_inspection
[0.819s] 
[0.819s] Installed /home/kasm-user/ros2_ws/build/road_inspection
[0.819s] running install_data
[0.819s] copying resource/road_inspection -> /home/kasm-user/ros2_ws/install/road_inspection/share/ament_index/resource_index/packages
[0.826s] copying package.xml -> /home/kasm-user/ros2_ws/install/road_inspection/share/road_inspection
[0.846s] Invoked command in '/home/kasm-user/ros2_ws/build/road_inspection' returned '0': PS1=default:\w$ PYTHONPATH=/home/kasm-user/ros2_ws/build/road_inspection/prefix_override:/home/kasm-user/ros2_ws/install/road_inspection/lib/python3.10/site-packages:${PYTHONPATH} /usr/bin/python3 setup.py develop --editable --build-directory /home/kasm-user/ros2_ws/build/road_inspection/build --no-deps install_data
