[0.000000] (-) TimerEvent: {}
[0.000920] (road_inspection) JobQueued: {'identifier': 'road_inspection', 'dependencies': OrderedDict()}
[0.000983] (road_inspection) JobStarted: {'identifier': 'road_inspection'}
[0.088028] (-) TimerEvent: {}
[0.188405] (-) TimerEvent: {}
[0.288792] (-) TimerEvent: {}
[0.389034] (-) TimerEvent: {}
[0.489438] (-) TimerEvent: {}
[0.528368] (road_inspection) Command: {'cmd': ['/usr/bin/python3', 'setup.py', 'develop', '--editable', '--build-directory', '/home/kasm-user/ros2_ws/build/road_inspection/build', '--no-deps', 'install_data'], 'cwd': '/home/kasm-user/ros2_ws/build/road_inspection', 'env': {'LANGUAGE': 'en_US:en', 'HOSTNAME': '898ca75d2531', 'SSH_AGENT_PID': '210', 'DEBUG': 'false', 'SHLVL': '1', 'LD_LIBRARY_PATH': '/opt/ros/lcas_addons/install/limo_msgs/lib:/opt/ros/lcas_addons/install/astra_camera/lib:/opt/ros/lcas_addons/install/astra_camera_msgs/lib:/usr/lib/x86_64-linux-gnu/gazebo-11/plugins:/opt/ros/humble/opt/rviz_ogre_vendor/lib:/opt/ros/humble/lib/x86_64-linux-gnu:/opt/ros/humble/lib:/usr/lib/x86_64-linux-gnu:/usr/lib/i386-linux-gnu:/opt/libjpeg-turbo/lib64/:/usr/local/lib/:/usr/local/nvidia/lib:/usr/local/nvidia/lib64:/usr/share/gazebo/../../lib/x86_64-linux-gnu/gazebo-11/plugins::/usr/share/gazebo/../../lib/x86_64-linux-gnu/gazebo-11/plugins:/usr/share/gazebo/../../lib/x86_64-linux-gnu/gazebo-11/plugins:', 'OMP_WAIT_POLICY': 'PASSIVE', 'HOME': '/home/kasm-user', 'NO_VNC_PORT': '6901', 'OLDPWD': '/home/kasm-user/ros2_ws/src', 'DESKTOP_SESSION': 'xfce', 'PANEL_GDK_CORE_DEVICE_EVENTS': '0', 'STARTUPDIR': '/dockerstartup', 'GAZEBO_MASTER_URI': 'http://localhost:11345', 'ROS_PYTHON_VERSION': '3', 'PS1': 'default:\\w$', 'START_PULSEAUDIO': '1', 'DBUS_SESSION_BUS_ADDRESS': 'unix:abstract=/tmp/dbus-ad29ybPgKA,guid=458ad7fadcafefe8f0144e586587e5c8', 'COLORTERM': 'truecolor', 'VNC_COL_DEPTH': '24', 'COLCON_PREFIX_PATH': '/opt/ros/lcas_addons/install', 'MAX_FRAME_RATE': '24', 'ROS_DISTRO': 'humble', 'WINDOWID': '29360131', '_': '/usr/bin/colcon', 'ROS_VERSION': '2', 'NVIDIA_DRIVER_CAPABILITIES': 'graphics,compat32,utility', 'KASM_SVC_PRINTER': '0', 'VNCOPTIONS': '-PreferBandwidth -DynamicQualityMin=4 -DynamicQualityMax=7 -DLP_ClipDelay=0 -select-de manual', 'TERM': 'xterm-256color', 'GAZEBO_MODEL_PATH': '/usr/share/gazebo/../../share/gazebo-11/models:/usr/share/gazebo/../../share/gazebo-11/models:/opt/ros/lcas_addons/install/uol_turtlebot_simulator/share/uol_turtlebot_simulator/models', 'ROS_LOCALHOST_ONLY': '0', 'OGRE_RESOURCE_PATH': '/usr/lib/x86_64-linux-gnu/OGRE-1.9.0', 'PATH': '/home/kasm-user/.local/bin:/home/kasm-user/.local/bin:/opt/ros/humble/bin:/usr/local/sbin:/usr/local/bin:/usr/sbin:/usr/bin:/sbin:/bin', 'SESSION_MANAGER': 'local/898ca75d2531:@/tmp/.ICE-unix/137,unix/898ca75d2531:/tmp/.ICE-unix/137', 'PULSE_RUNTIME_PATH': '/var/run/pulse', 'XDG_MENU_PREFIX': 'xfce-', 'SDL_GAMECONTROLLERCONFIG': '030000005e040000be02000014010000,XInput Controller,platform:Linux,a:b0,b:b1,x:b2,y:b3,back:b8,guide:b16,start:b9,leftstick:b10,rightstick:b11,leftshoulder:b4,rightshoulder:b5,dpup:b12,dpdown:b13,dpleft:b14,dpright:b15,leftx:a0,lefty:a1,rightx:a2,righty:a3,lefttrigger:b6,righttrigger:b7', 'GOMP_SPINCOUNT': '0', 'START_XFCE4': '1', 'DISPLAY': ':1.0', 'LANG': 'en_US.UTF-8', 'XDG_CURRENT_DESKTOP': 'XFCE', 'RMW_IMPLEMENTATION': 'rmw_cyclonedds_cpp', 'ROSDISTRO_INDEX_URL': 'https://raw.github.com/LCAS/rosdistro/master/index-v4.yaml', 'SSH_AUTH_SOCK': '/tmp/ssh-XXXXXXNLaH3M/agent.209', 'AMENT_PREFIX_PATH': '/opt/ros/lcas_addons/install/ydlidar_ros2_driver:/opt/ros/lcas_addons/install/voice_control:/opt/ros/lcas_addons/install/uol_turtlebot_simulator:/opt/ros/lcas_addons/install/limo_navigation:/opt/ros/lcas_addons/install/limo_bringup:/opt/ros/lcas_addons/install/limo_base:/opt/ros/lcas_addons/install/limo_msgs:/opt/ros/lcas_addons/install/limo_gazebosim:/opt/ros/lcas_addons/install/limo_description:/opt/ros/lcas_addons/install/cmp3103m_ros2_code_fragments:/opt/ros/lcas_addons/install/astra_camera:/opt/ros/lcas_addons/install/astra_camera_msgs:/opt/ros/humble', 'DEBIAN_FRONTEND': 'noninteractive', 'SHELL': '/bin/bash', 'INST_SCRIPTS': '/dockerstartup/install', 'GAZEBO_RESOURCE_PATH': '/usr/share/gazebo/../../share/gazebo-11:/usr/share/gazebo/../../share/gazebo-11:/opt/ros/lcas_addons/install/uol_turtlebot_simulator/share/uol_turtlebot_simulator/worlds:/opt/ros/lcas_addons/install/uol_turtlebot_simulator/share/uol_turtlebot_simulator/models', 'GAZEBO_MODEL_DATABASE_URI': 'http://models.gazebosim.org', 'PWD': '/home/kasm-user/ros2_ws/build/road_inspection', 'VNC_RESOLUTION': '1280x720', 'TURTLEBOT3_MODEL': 'waffle', 'LC_ALL': 'en_US.UTF-8', 'XDG_CONFIG_DIRS': '/etc/xdg', 'GAZEBO_PLUGIN_PATH': '/usr/share/gazebo/../../lib/x86_64-linux-gnu/gazebo-11/plugins:/usr/share/gazebo/../../lib/x86_64-linux-gnu/gazebo-11/plugins:', 'XDG_DATA_DIRS': '/usr/local/share:/usr/share', 'PYTHONPATH': '/home/kasm-user/ros2_ws/build/road_inspection/prefix_override:/home/kasm-user/ros2_ws/install/road_inspection/lib/python3.10/site-packages:/opt/ros/lcas_addons/install/voice_control/lib/python3.10/site-packages:/opt/ros/lcas_addons/install/limo_msgs/local/lib/python3.10/dist-packages:/opt/ros/lcas_addons/install/limo_gazebosim/local/lib/python3.10/dist-packages:/opt/ros/lcas_addons/install/cmp3103m_ros2_code_fragments/lib/python3.10/site-packages:/opt/ros/lcas_addons/install/astra_camera_msgs/local/lib/python3.10/dist-packages:/opt/ros/humble/lib/python3.10/site-packages:/opt/ros/humble/local/lib/python3.10/dist-packages', 'DISTRO': 'ubuntu', 'TZ': 'Etc/UTC', 'AUDIO_PORT': '4901', 'COLCON': '1', 'VTE_VERSION': '6800', 'CMAKE_PREFIX_PATH': '/opt/ros/lcas_addons/install/ydlidar_ros2_driver:/opt/ros/lcas_addons/install/uol_turtlebot_simulator:/opt/ros/lcas_addons/install/limo_navigation:/opt/ros/lcas_addons/install/limo_bringup:/opt/ros/lcas_addons/install/limo_base:/opt/ros/lcas_addons/install/limo_msgs:/opt/ros/lcas_addons/install/limo_gazebosim:/opt/ros/lcas_addons/install/limo_description:/opt/ros/lcas_addons/install/astra_camera:/opt/ros/lcas_addons/install/astra_camera_msgs', 'KASMVNC_AUTO_RECOVER': 'true', 'KASM_VNC_PATH': '/usr/share/kasmvnc', 'VNC_PORT': '5901'}, 'shell': False}
[0.589562] (-) TimerEvent: {}
[0.689988] (-) TimerEvent: {}
[0.707678] (road_inspection) StdoutLine: {'line': b'running develop\n'}
[0.708649] (road_inspection) StderrLine: {'line': b'/usr/lib/python3/dist-packages/setuptools/command/easy_install.py:158: EasyInstallDeprecationWarning: easy_install command is deprecated. Use build and pip and other standards-based tools.\n'}
[0.708771] (road_inspection) StderrLine: {'line': b'  warnings.warn(\n'}
[0.709997] (road_inspection) StderrLine: {'line': b'/usr/lib/python3/dist-packages/setuptools/command/install.py:34: SetuptoolsDeprecationWarning: setup.py install is deprecated. Use build and pip and other standards-based tools.\n'}
[0.710080] (road_inspection) StderrLine: {'line': b'  warnings.warn(\n'}
[0.790131] (-) TimerEvent: {}
[0.813770] (road_inspection) StdoutLine: {'line': b'running egg_info\n'}
[0.814132] (road_inspection) StdoutLine: {'line': b'writing road_inspection.egg-info/PKG-INFO\n'}
[0.814414] (road_inspection) StdoutLine: {'line': b'writing dependency_links to road_inspection.egg-info/dependency_links.txt\n'}
[0.814596] (road_inspection) StdoutLine: {'line': b'writing entry points to road_inspection.egg-info/entry_points.txt\n'}
[0.814794] (road_inspection) StdoutLine: {'line': b'writing requirements to road_inspection.egg-info/requires.txt\n'}
[0.815041] (road_inspection) StdoutLine: {'line': b'writing top-level names to road_inspection.egg-info/top_level.txt\n'}
[0.816623] (road_inspection) StdoutLine: {'line': b"reading manifest file 'road_inspection.egg-info/SOURCES.txt'\n"}
[0.817254] (road_inspection) StdoutLine: {'line': b"writing manifest file 'road_inspection.egg-info/SOURCES.txt'\n"}
[0.818256] (road_inspection) StdoutLine: {'line': b'running build_ext\n'}
[0.818413] (road_inspection) StdoutLine: {'line': b'Creating /home/kasm-user/ros2_ws/install/road_inspection/lib/python3.10/site-packages/road-inspection.egg-link (link to .)\n'}
[0.818989] (road_inspection) StdoutLine: {'line': b'Installing mover script to /home/kasm-user/ros2_ws/install/road_inspection/lib/road_inspection\n'}
[0.819348] (road_inspection) StdoutLine: {'line': b'Installing pothole_detector script to /home/kasm-user/ros2_ws/install/road_inspection/lib/road_inspection\n'}
[0.819544] (road_inspection) StdoutLine: {'line': b'\n'}
[0.819605] (road_inspection) StdoutLine: {'line': b'Installed /home/kasm-user/ros2_ws/build/road_inspection\n'}
[0.819715] (road_inspection) StdoutLine: {'line': b'running install_data\n'}
[0.819836] (road_inspection) StdoutLine: {'line': b'copying resource/road_inspection -> /home/kasm-user/ros2_ws/install/road_inspection/share/ament_index/resource_index/packages\n'}
[0.827188] (road_inspection) StdoutLine: {'line': b'copying package.xml -> /home/kasm-user/ros2_ws/install/road_inspection/share/road_inspection\n'}
[0.846369] (road_inspection) CommandEnded: {'returncode': 0}
[0.890387] (-) TimerEvent: {}
[0.892793] (road_inspection) JobEnded: {'identifier': 'road_inspection', 'rc': 0}
[0.893759] (-) EventReactorShutdown: {}
