[0.731s] Invoking command in '/home/kasm-user/ros2_ws/build/road_inspection': PS1=default:\w$ PYTHONPATH=/home/kasm-user/ros2_ws/build/road_inspection/prefix_override:/home/kasm-user/ros2_ws/install/road_inspection/lib/python3.10/site-packages:${PYTHONPATH} /usr/bin/python3 setup.py develop --editable --build-directory /home/kasm-user/ros2_ws/build/road_inspection/build --no-deps install_data
[0.976s] running develop
[0.989s] /usr/lib/python3/dist-packages/setuptools/command/easy_install.py:158: EasyInstallDeprecationWarning: easy_install command is deprecated. Use build and pip and other standards-based tools.
[0.989s]   warnings.warn(
[0.991s] /usr/lib/python3/dist-packages/setuptools/command/install.py:34: SetuptoolsDeprecationWarning: setup.py install is deprecated. Use build and pip and other standards-based tools.
[0.991s]   warnings.warn(
[1.125s] running egg_info
[1.125s] creating road_inspection.egg-info
[1.125s] writing road_inspection.egg-info/PKG-INFO
[1.125s] writing dependency_links to road_inspection.egg-info/dependency_links.txt
[1.125s] writing entry points to road_inspection.egg-info/entry_points.txt
[1.126s] writing requirements to road_inspection.egg-info/requires.txt
[1.126s] writing top-level names to road_inspection.egg-info/top_level.txt
[1.126s] writing manifest file 'road_inspection.egg-info/SOURCES.txt'
[1.127s] reading manifest file 'road_inspection.egg-info/SOURCES.txt'
[1.128s] writing manifest file 'road_inspection.egg-info/SOURCES.txt'
[1.129s] running build_ext
[1.129s] Creating /home/kasm-user/ros2_ws/install/road_inspection/lib/python3.10/site-packages/road-inspection.egg-link (link to .)
[1.130s] Installing object_detector script to /home/kasm-user/ros2_ws/install/road_inspection/lib/road_inspection
[1.130s] 
[1.131s] Installed /home/kasm-user/ros2_ws/build/road_inspection
[1.131s] running install_data
[1.131s] creating /home/kasm-user/ros2_ws/install/road_inspection/share/ament_index
[1.131s] creating /home/kasm-user/ros2_ws/install/road_inspection/share/ament_index/resource_index
[1.131s] creating /home/kasm-user/ros2_ws/install/road_inspection/share/ament_index/resource_index/packages
[1.131s] copying resource/road_inspection -> /home/kasm-user/ros2_ws/install/road_inspection/share/ament_index/resource_index/packages
[1.132s] copying package.xml -> /home/kasm-user/ros2_ws/install/road_inspection/share/road_inspection
[1.158s] Invoked command in '/home/kasm-user/ros2_ws/build/road_inspection' returned '0': PS1=default:\w$ PYTHONPATH=/home/kasm-user/ros2_ws/build/road_inspection/prefix_override:/home/kasm-user/ros2_ws/install/road_inspection/lib/python3.10/site-packages:${PYTHONPATH} /usr/bin/python3 setup.py develop --editable --build-directory /home/kasm-user/ros2_ws/build/road_inspection/build --no-deps install_data
